2021-11-20T13:54:50.799971-00:00 0 [System] [MY-013169] [Server] /usr/sbin/mysqld (mysqld 8.0.26) initializing of server in progress as process 45
2021-11-20T13:54:50.834282-00:00 0 [Warning] [MY-010159] [Server] Setting lower_case_table_names=2 because file system for /var/lib/mysql/ is case insensitive
2021-11-20T13:54:50.963550-00:00 1 [System] [MY-013576] [InnoDB] InnoDB initialization has started.
2021-11-20T13:54:59.100888-00:00 1 [System] [MY-013577] [InnoDB] InnoDB initialization has ended.
2021-11-20T13:55:06.222878-00:00 0 [Warning] [MY-013746] [Server] A deprecated TLS version TLSv1 is enabled for channel mysql_main
2021-11-20T13:55:06.231024-00:00 0 [Warning] [MY-013746] [Server] A deprecated TLS version TLSv1.1 is enabled for channel mysql_main
2021-11-20T13:55:06.413528-00:00 6 [Warning] [MY-010453] [Server] root@localhost is created with an empty password ! Please consider switching off the --initialize-insecure option.
2021-11-20T13:55:44.935795-00:00 0 [System] [MY-010116] [Server] /usr/sbin/mysqld (mysqld 8.0.26) starting as process 92
2021-11-20T13:55:44.962661-00:00 0 [Warning] [MY-010159] [Server] Setting lower_case_table_names=2 because file system for /var/lib/mysql/ is case insensitive
2021-11-20T13:55:45.052709-00:00 1 [System] [MY-013576] [InnoDB] InnoDB initialization has started.
2021-11-20T13:55:48.337798-00:00 1 [System] [MY-013577] [InnoDB] InnoDB initialization has ended.
2021-11-20T13:55:49.964887-00:00 0 [Warning] [MY-013746] [Server] A deprecated TLS version TLSv1 is enabled for channel mysql_main
2021-11-20T13:55:49.968775-00:00 0 [Warning] [MY-013746] [Server] A deprecated TLS version TLSv1.1 is enabled for channel mysql_main
2021-11-20T13:55:49.987891-00:00 0 [Warning] [MY-010068] [Server] CA certificate ca.pem is self signed.
2021-11-20T13:55:49.990310-00:00 0 [System] [MY-013602] [Server] Channel mysql_main configured to support TLS. Encrypted connections are now supported for this channel.
2021-11-20T13:55:50.012622-00:00 0 [Warning] [MY-011810] [Server] Insecure configuration for --pid-file: Location '/var/run/mysqld' in the path is accessible to all OS users. Consider choosing a different directory.
2021-11-20T13:55:50.213164-00:00 0 [System] [MY-011323] [Server] X Plugin ready for connections. Socket: /var/run/mysqld/mysqlx.sock
2021-11-20T13:55:50.214273-00:00 0 [System] [MY-010931] [Server] /usr/sbin/mysqld: ready for connections. Version: '8.0.26'  socket: '/var/run/mysqld/mysqld.sock'  port: 0  MySQL Community Server - GPL.
2021-11-20T13:56:43.233435-00:00 13 [System] [MY-013172] [Server] Received SHUTDOWN from user root. Shutting down mysqld (Version: 8.0.26).
2021-11-20T13:56:45.306407-00:00 0 [System] [MY-010910] [Server] /usr/sbin/mysqld: Shutdown complete (mysqld 8.0.26)  MySQL Community Server - GPL.
2021-11-20T13:56:46.581691-00:00 0 [System] [MY-010116] [Server] /usr/sbin/mysqld (mysqld 8.0.26) starting as process 1
2021-11-20T13:56:46.593838-00:00 0 [Warning] [MY-010159] [Server] Setting lower_case_table_names=2 because file system for /var/lib/mysql/ is case insensitive
2021-11-20T13:56:46.640813-00:00 1 [System] [MY-013576] [InnoDB] InnoDB initialization has started.
2021-11-20T13:56:48.708360-00:00 1 [System] [MY-013577] [InnoDB] InnoDB initialization has ended.
2021-11-20T13:56:50.810600-00:00 0 [Warning] [MY-013746] [Server] A deprecated TLS version TLSv1 is enabled for channel mysql_main
2021-11-20T13:56:50.814788-00:00 0 [Warning] [MY-013746] [Server] A deprecated TLS version TLSv1.1 is enabled for channel mysql_main
2021-11-20T13:56:50.833543-00:00 0 [Warning] [MY-010068] [Server] CA certificate ca.pem is self signed.
2021-11-20T13:56:50.836241-00:00 0 [System] [MY-013602] [Server] Channel mysql_main configured to support TLS. Encrypted connections are now supported for this channel.
2021-11-20T13:56:50.853688-00:00 0 [Warning] [MY-011810] [Server] Insecure configuration for --pid-file: Location '/var/run/mysqld' in the path is accessible to all OS users. Consider choosing a different directory.
2021-11-20T13:56:51.078674-00:00 0 [System] [MY-011323] [Server] X Plugin ready for connections. Bind-address: '::' port: 33060, socket: /var/run/mysqld/mysqlx.sock
2021-11-20T13:56:51.079279-00:00 0 [System] [MY-010931] [Server] /usr/sbin/mysqld: ready for connections. Version: '8.0.26'  socket: '/var/run/mysqld/mysqld.sock'  port: 3306  MySQL Community Server - GPL.
